#
# There is insufficient memory for the Java Runtime Environment to continue.
# Native memory allocation (mmap) failed to map 1048576 bytes for G1 virtual space
# Possible reasons:
#   The system is out of physical RAM or swap space
#   The process is running with CompressedOops enabled, and the Java Heap may be blocking the growth of the native heap
# Possible solutions:
#   Reduce memory load on the system
#   Increase physical memory or swap space
#   Check if swap backing store is full
#   Decrease Java heap size (-Xmx/-Xms)
#   Decrease number of Java threads
#   Decrease Java thread stack sizes (-Xss)
#   Set larger code cache with -XX:ReservedCodeCacheSize=
#   JVM is running with Unscaled Compressed Oops mode in which the Java heap is
#     placed in the first 4GB address space. The Java Heap base address is the
#     maximum limit for the native heap growth. Please use -XX:HeapBaseMinAddress
#     to set the Java Heap base and to place the Java Heap above 4GB virtual address.
# This output file may be truncated or incomplete.
#
#  Out of Memory Error (os_windows.cpp:3532), pid=19604, tid=8676
#
# JRE version: OpenJDK Runtime Environment Temurin-17.0.2+8 (17.0.2+8) (build 17.0.2+8)
# Java VM: OpenJDK 64-Bit Server VM Temurin-17.0.2+8 (17.0.2+8, mixed mode, tiered, compressed oops, compressed class ptrs, g1 gc, windows-amd64)
# No core dump will be written. Minidumps are not enabled by default on client versions of Windows
#

---------------  S U M M A R Y ------------

Command Line: -Dfile.encoding=Cp1252 -XX:+ShowCodeDetailsInExceptionMessages com.aa.bigass.Main

Host: Intel(R) Core(TM) i5-7300U CPU @ 2.60GHz, 4 cores, 3G,  Windows 11 , 64 bit Build 22000 (10.0.22000.434)
Time: Sun Feb 27 15:37:02 2022 GMT Standard Time elapsed time: 32.551809 seconds (0d 0h 0m 32s)

---------------  T H R E A D  ---------------

Current thread (0x000001c9479b3840):  JavaThread "main" [_thread_in_vm, id=8676, stack(0x0000001fbac00000,0x0000001fbad00000)]

Stack: [0x0000001fbac00000,0x0000001fbad00000]
Native frames: (J=compiled Java code, j=interpreted, Vv=VM code, C=native code)
V  [jvm.dll+0x67564a]
V  [jvm.dll+0x82fc04]
V  [jvm.dll+0x8313ae]
V  [jvm.dll+0x831a13]
V  [jvm.dll+0x245235]
V  [jvm.dll+0x672539]
V  [jvm.dll+0x666e82]
V  [jvm.dll+0x30401b]
V  [jvm.dll+0x30b566]
V  [jvm.dll+0x35aeeb]
V  [jvm.dll+0x35b514]
V  [jvm.dll+0x35b0c6]
V  [jvm.dll+0x2db4a4]
V  [jvm.dll+0x2d74e6]
V  [jvm.dll+0x608a43]
V  [jvm.dll+0x20fef5]
V  [jvm.dll+0x36b233]
V  [jvm.dll+0x37eec7]
C  0x000001c94c85b8ea

Java frames: (J=compiled Java code, j=interpreted, Vv=VM code)
j  java.util.Arrays.copyOf([Ljava/lang/Object;ILjava/lang/Class;)[Ljava/lang/Object;+7 java.base@17.0.2
j  java.util.Arrays.copyOf([Ljava/lang/Object;I)[Ljava/lang/Object;+6 java.base@17.0.2
j  java.util.ArrayList.grow(I)[Ljava/lang/Object;+37 java.base@17.0.2
j  java.util.ArrayList.grow()[Ljava/lang/Object;+7 java.base@17.0.2
J 138% c2 com.aa.bigass.FileIn.fileIn()V (200 bytes) @ 0x000001c95431ead0 [0x000001c95431e0a0+0x0000000000000a30]
j  com.aa.bigass.Main.main([Ljava/lang/String;)V+2
v  ~StubRoutines::call_stub

---------------  P R O C E S S  ---------------

Threads class SMR info:
_java_thread_list=0x000001c9617521c0, length=12, elements={
0x000001c9479b3840, 0x000001c947a685e0, 0x000001c96098e2e0, 0x000001c960a06440,
0x000001c960a06a00, 0x000001c960a06fc0, 0x000001c960a0b590, 0x000001c960a0bf30,
0x000001c960a18300, 0x000001c960a22d00, 0x000001c961530150, 0x000001c96153f3d0
}

Java Threads: ( => current thread )
=>0x000001c9479b3840 JavaThread "main" [_thread_in_vm, id=8676, stack(0x0000001fbac00000,0x0000001fbad00000)]
  0x000001c947a685e0 JavaThread "Reference Handler" daemon [_thread_blocked, id=19596, stack(0x0000001fbb300000,0x0000001fbb400000)]
  0x000001c96098e2e0 JavaThread "Finalizer" daemon [_thread_blocked, id=14204, stack(0x0000001fbb400000,0x0000001fbb500000)]
  0x000001c960a06440 JavaThread "Signal Dispatcher" daemon [_thread_blocked, id=12128, stack(0x0000001fbb500000,0x0000001fbb600000)]
  0x000001c960a06a00 JavaThread "Attach Listener" daemon [_thread_blocked, id=15912, stack(0x0000001fbb600000,0x0000001fbb700000)]
  0x000001c960a06fc0 JavaThread "Service Thread" daemon [_thread_blocked, id=3860, stack(0x0000001fbb700000,0x0000001fbb800000)]
  0x000001c960a0b590 JavaThread "Monitor Deflation Thread" daemon [_thread_blocked, id=3236, stack(0x0000001fbb800000,0x0000001fbb900000)]
  0x000001c960a0bf30 JavaThread "C2 CompilerThread0" daemon [_thread_blocked, id=17128, stack(0x0000001fbb900000,0x0000001fbba00000)]
  0x000001c960a18300 JavaThread "C1 CompilerThread0" daemon [_thread_blocked, id=16648, stack(0x0000001fbba00000,0x0000001fbbb00000)]
  0x000001c960a22d00 JavaThread "Sweeper thread" daemon [_thread_blocked, id=18840, stack(0x0000001fbbb00000,0x0000001fbbc00000)]
  0x000001c961530150 JavaThread "Notification Thread" daemon [_thread_blocked, id=10980, stack(0x0000001fbbc00000,0x0000001fbbd00000)]
  0x000001c96153f3d0 JavaThread "Common-Cleaner" daemon [_thread_blocked, id=9932, stack(0x0000001fbbe00000,0x0000001fbbf00000)]

Other Threads:
  0x000001c947a8ec20 VMThread "VM Thread" [stack: 0x0000001fbb200000,0x0000001fbb300000] [id=6188]
  0x000001c96153af90 WatcherThread [stack: 0x0000001fbbd00000,0x0000001fbbe00000] [id=19988]
  0x000001c9479ddcc0 GCTaskThread "GC Thread#0" [stack: 0x0000001fbad00000,0x0000001fbae00000] [id=19236]
  0x000001c96185dd20 GCTaskThread "GC Thread#1" [stack: 0x0000001fbc000000,0x0000001fbc100000] [id=19228]
  0x000001c9479e6980 ConcurrentGCThread "G1 Main Marker" [stack: 0x0000001fbae00000,0x0000001fbaf00000] [id=1320]
  0x000001c9479e7b30 ConcurrentGCThread "G1 Conc#0" [stack: 0x0000001fbaf00000,0x0000001fbb000000] [id=11404]
  0x000001c947a39880 ConcurrentGCThread "G1 Refine#0" [stack: 0x0000001fbb000000,0x0000001fbb100000] [id=15156]
  0x000001c9617f9cf0 ConcurrentGCThread "G1 Refine#1" [stack: 0x0000001fbc100000,0x0000001fbc200000] [id=6148]
  0x000001c9616e7880 ConcurrentGCThread "G1 Refine#2" [stack: 0x0000001fbc200000,0x0000001fbc300000] [id=19476]
  0x000001c96185cc40 ConcurrentGCThread "G1 Refine#3" [stack: 0x0000001fbbf00000,0x0000001fbc000000] [id=1848]
  0x000001c947a3dec0 ConcurrentGCThread "G1 Service" [stack: 0x0000001fbb100000,0x0000001fbb200000] [id=20072]

Threads with active compile tasks:

VM state: not at safepoint (normal execution)

VM Mutex/Monitor currently owned by a thread:  ([mutex/lock_event])
[0x000001c9479b16a0] Heap_lock - owner thread: 0x000001c9479b3840

Heap address: 0x00000000c1400000, size: 1004 MB, Compressed Oops mode: 32-bit

CDS archive(s) not mapped
Compressed class space mapped at: 0x0000000100000000-0x0000000140000000, reserved size: 1073741824
Narrow klass base: 0x0000000000000000, Narrow klass shift: 3, Narrow klass range: 0x140000000

GC Precious Log:
 CPUs: 4 total, 4 available
 Memory: 4013M
 Large Page Support: Disabled
 NUMA Support: Disabled
 Compressed Oops: Enabled (32-bit)
 Heap Region Size: 1M
 Heap Min Capacity: 8M
 Heap Initial Capacity: 64M
 Heap Max Capacity: 1004M
 Pre-touch: Disabled
 Parallel Workers: 4
 Concurrent Workers: 1
 Concurrent Refinement Workers: 4
 Periodic GC: Disabled

Heap:
 garbage-first heap   total 96256K, used 37403K [0x00000000c1400000, 0x0000000100000000)
  region size 1024K, 0 young (0K), 0 survivors (0K)
 Metaspace       used 3912K, committed 4096K, reserved 1056768K
  class space    used 313K, committed 384K, reserved 1048576K

Heap Regions: E=young(eden), S=young(survivor), O=old, HS=humongous(starts), HC=humongous(continues), CS=collection set, F=free, OA=open archive, CA=closed archive, TAMS=top-at-mark-start (previous, next)
|   0|0x00000000c1400000, 0x00000000c1486e00, 0x00000000c1500000| 52%| O|  |TAMS 0x00000000c1400000, 0x00000000c1486e00| Untracked 
|   1|0x00000000c1500000, 0x00000000c1500000, 0x00000000c1600000|  0%| F|  |TAMS 0x00000000c1500000, 0x00000000c1500000| Untracked 
|   2|0x00000000c1600000, 0x00000000c1600000, 0x00000000c1700000|  0%| F|  |TAMS 0x00000000c1600000, 0x00000000c1600000| Untracked 
|   3|0x00000000c1700000, 0x00000000c1700000, 0x00000000c1800000|  0%| F|  |TAMS 0x00000000c1700000, 0x00000000c1700000| Untracked 
|   4|0x00000000c1800000, 0x00000000c1800000, 0x00000000c1900000|  0%| F|  |TAMS 0x00000000c1800000, 0x00000000c1800000| Untracked 
|   5|0x00000000c1900000, 0x00000000c1900000, 0x00000000c1a00000|  0%| F|  |TAMS 0x00000000c1900000, 0x00000000c1900000| Untracked 
|   6|0x00000000c1a00000, 0x00000000c1a00000, 0x00000000c1b00000|  0%| F|  |TAMS 0x00000000c1a00000, 0x00000000c1a00000| Untracked 
|   7|0x00000000c1b00000, 0x00000000c1b00000, 0x00000000c1c00000|  0%| F|  |TAMS 0x00000000c1b00000, 0x00000000c1b00000| Untracked 
|   8|0x00000000c1c00000, 0x00000000c1c00000, 0x00000000c1d00000|  0%| F|  |TAMS 0x00000000c1c00000, 0x00000000c1c00000| Untracked 
|   9|0x00000000c1d00000, 0x00000000c1d00000, 0x00000000c1e00000|  0%| F|  |TAMS 0x00000000c1d00000, 0x00000000c1d00000| Untracked 
|  10|0x00000000c1e00000, 0x00000000c1e00000, 0x00000000c1f00000|  0%| F|  |TAMS 0x00000000c1e00000, 0x00000000c1e00000| Untracked 
|  11|0x00000000c1f00000, 0x00000000c1f00000, 0x00000000c2000000|  0%| F|  |TAMS 0x00000000c1f00000, 0x00000000c1f00000| Untracked 
|  12|0x00000000c2000000, 0x00000000c2000000, 0x00000000c2100000|  0%| F|  |TAMS 0x00000000c2000000, 0x00000000c2000000| Untracked 
|  13|0x00000000c2100000, 0x00000000c2100000, 0x00000000c2200000|  0%| F|  |TAMS 0x00000000c2100000, 0x00000000c2100000| Untracked 
|  14|0x00000000c2200000, 0x00000000c2200000, 0x00000000c2300000|  0%| F|  |TAMS 0x00000000c2200000, 0x00000000c2200000| Untracked 
|  15|0x00000000c2300000, 0x00000000c2300000, 0x00000000c2400000|  0%| F|  |TAMS 0x00000000c2300000, 0x00000000c2300000| Untracked 
|  16|0x00000000c2400000, 0x00000000c2400000, 0x00000000c2500000|  0%| F|  |TAMS 0x00000000c2400000, 0x00000000c2400000| Untracked 
|  17|0x00000000c2500000, 0x00000000c2500000, 0x00000000c2600000|  0%| F|  |TAMS 0x00000000c2500000, 0x00000000c2500000| Untracked 
|  18|0x00000000c2600000, 0x00000000c2600000, 0x00000000c2700000|  0%| F|  |TAMS 0x00000000c2600000, 0x00000000c2600000| Untracked 
|  19|0x00000000c2700000, 0x00000000c2700000, 0x00000000c2800000|  0%| F|  |TAMS 0x00000000c2700000, 0x00000000c2700000| Untracked 
|  20|0x00000000c2800000, 0x00000000c2800000, 0x00000000c2900000|  0%| F|  |TAMS 0x00000000c2800000, 0x00000000c2800000| Untracked 
|  21|0x00000000c2900000, 0x00000000c2900000, 0x00000000c2a00000|  0%| F|  |TAMS 0x00000000c2900000, 0x00000000c2900000| Untracked 
|  22|0x00000000c2a00000, 0x00000000c2a00000, 0x00000000c2b00000|  0%| F|  |TAMS 0x00000000c2a00000, 0x00000000c2a00000| Untracked 
|  23|0x00000000c2b00000, 0x00000000c2b00000, 0x00000000c2c00000|  0%| F|  |TAMS 0x00000000c2b00000, 0x00000000c2b00000| Untracked 
|  24|0x00000000c2c00000, 0x00000000c2d00000, 0x00000000c2d00000|100%|HS|  |TAMS 0x00000000c2d00000, 0x00000000c2d00000| Complete 
|  25|0x00000000c2d00000, 0x00000000c2e00000, 0x00000000c2e00000|100%|HC|  |TAMS 0x00000000c2e00000, 0x00000000c2e00000| Complete 
|  26|0x00000000c2e00000, 0x00000000c2f00000, 0x00000000c2f00000|100%|HC|  |TAMS 0x00000000c2f00000, 0x00000000c2f00000| Complete 
|  27|0x00000000c2f00000, 0x00000000c3000000, 0x00000000c3000000|100%|HC|  |TAMS 0x00000000c3000000, 0x00000000c3000000| Complete 
|  28|0x00000000c3000000, 0x00000000c3100000, 0x00000000c3100000|100%|HC|  |TAMS 0x00000000c3100000, 0x00000000c3100000| Complete 
|  29|0x00000000c3100000, 0x00000000c3200000, 0x00000000c3200000|100%|HC|  |TAMS 0x00000000c3200000, 0x00000000c3200000| Complete 
|  30|0x00000000c3200000, 0x00000000c3300000, 0x00000000c3300000|100%|HC|  |TAMS 0x00000000c3300000, 0x00000000c3300000| Complete 
|  31|0x00000000c3300000, 0x00000000c3400000, 0x00000000c3400000|100%|HC|  |TAMS 0x00000000c3400000, 0x00000000c3400000| Complete 
|  32|0x00000000c3400000, 0x00000000c3500000, 0x00000000c3500000|100%|HC|  |TAMS 0x00000000c3500000, 0x00000000c3500000| Complete 
|  33|0x00000000c3500000, 0x00000000c3600000, 0x00000000c3600000|100%|HC|  |TAMS 0x00000000c3600000, 0x00000000c3600000| Complete 
|  34|0x00000000c3600000, 0x00000000c3700000, 0x00000000c3700000|100%|HC|  |TAMS 0x00000000c3700000, 0x00000000c3700000| Complete 
|  35|0x00000000c3700000, 0x00000000c3800000, 0x00000000c3800000|100%|HC|  |TAMS 0x00000000c3800000, 0x00000000c3800000| Complete 
|  36|0x00000000c3800000, 0x00000000c3900000, 0x00000000c3900000|100%|HC|  |TAMS 0x00000000c3900000, 0x00000000c3900000| Complete 
|  37|0x00000000c3900000, 0x00000000c3a00000, 0x00000000c3a00000|100%|HC|  |TAMS 0x00000000c3a00000, 0x00000000c3a00000| Complete 
|  38|0x00000000c3a00000, 0x00000000c3b00000, 0x00000000c3b00000|100%|HC|  |TAMS 0x00000000c3b00000, 0x00000000c3b00000| Complete 
|  39|0x00000000c3b00000, 0x00000000c3c00000, 0x00000000c3c00000|100%|HC|  |TAMS 0x00000000c3c00000, 0x00000000c3c00000| Complete 
|  40|0x00000000c3c00000, 0x00000000c3d00000, 0x00000000c3d00000|100%|HC|  |TAMS 0x00000000c3d00000, 0x00000000c3d00000| Complete 
|  41|0x00000000c3d00000, 0x00000000c3e00000, 0x00000000c3e00000|100%|HC|  |TAMS 0x00000000c3e00000, 0x00000000c3e00000| Complete 
|  42|0x00000000c3e00000, 0x00000000c3f00000, 0x00000000c3f00000|100%|HC|  |TAMS 0x00000000c3f00000, 0x00000000c3f00000| Complete 
|  43|0x00000000c3f00000, 0x00000000c4000000, 0x00000000c4000000|100%|HC|  |TAMS 0x00000000c4000000, 0x00000000c4000000| Complete 
|  44|0x00000000c4000000, 0x00000000c4100000, 0x00000000c4100000|100%|HC|  |TAMS 0x00000000c4100000, 0x00000000c4100000| Complete 
|  45|0x00000000c4100000, 0x00000000c4200000, 0x00000000c4200000|100%|HC|  |TAMS 0x00000000c4200000, 0x00000000c4200000| Complete 
|  46|0x00000000c4200000, 0x00000000c4300000, 0x00000000c4300000|100%|HC|  |TAMS 0x00000000c4300000, 0x00000000c4300000| Complete 
|  47|0x00000000c4300000, 0x00000000c4400000, 0x00000000c4400000|100%|HC|  |TAMS 0x00000000c4400000, 0x00000000c4400000| Complete 
|  48|0x00000000c4400000, 0x00000000c4500000, 0x00000000c4500000|100%|HC|  |TAMS 0x00000000c4500000, 0x00000000c4500000| Complete 
|  49|0x00000000c4500000, 0x00000000c4600000, 0x00000000c4600000|100%|HC|  |TAMS 0x00000000c4600000, 0x00000000c4600000| Complete 
|  50|0x00000000c4600000, 0x00000000c4700000, 0x00000000c4700000|100%|HC|  |TAMS 0x00000000c4700000, 0x00000000c4700000| Complete 
|  51|0x00000000c4700000, 0x00000000c4800000, 0x00000000c4800000|100%|HC|  |TAMS 0x00000000c4800000, 0x00000000c4800000| Complete 
|  52|0x00000000c4800000, 0x00000000c4900000, 0x00000000c4900000|100%|HC|  |TAMS 0x00000000c4900000, 0x00000000c4900000| Complete 
|  53|0x00000000c4900000, 0x00000000c4a00000, 0x00000000c4a00000|100%|HC|  |TAMS 0x00000000c4a00000, 0x00000000c4a00000| Complete 
|  54|0x00000000c4a00000, 0x00000000c4b00000, 0x00000000c4b00000|100%|HC|  |TAMS 0x00000000c4b00000, 0x00000000c4b00000| Complete 
|  55|0x00000000c4b00000, 0x00000000c4c00000, 0x00000000c4c00000|100%|HC|  |TAMS 0x00000000c4c00000, 0x00000000c4c00000| Complete 
|  56|0x00000000c4c00000, 0x00000000c4d00000, 0x00000000c4d00000|100%|HC|  |TAMS 0x00000000c4d00000, 0x00000000c4d00000| Complete 
|  57|0x00000000c4d00000, 0x00000000c4e00000, 0x00000000c4e00000|100%|HC|  |TAMS 0x00000000c4e00000, 0x00000000c4e00000| Complete 
|  58|0x00000000c4e00000, 0x00000000c4f00000, 0x00000000c4f00000|100%|HC|  |TAMS 0x00000000c4f00000, 0x00000000c4f00000| Complete 
|  59|0x00000000c4f00000, 0x00000000c5000000, 0x00000000c5000000|100%|HC|  |TAMS 0x00000000c5000000, 0x00000000c5000000| Complete 
|  60|0x00000000c5000000, 0x00000000c5000000, 0x00000000c5100000|  0%| F|  |TAMS 0x00000000c5000000, 0x00000000c5000000| Untracked 
|  61|0x00000000c5100000, 0x00000000c5100000, 0x00000000c5200000|  0%| F|  |TAMS 0x00000000c5100000, 0x00000000c5100000| Untracked 
|  62|0x00000000c5200000, 0x00000000c5200000, 0x00000000c5300000|  0%| F|  |TAMS 0x00000000c5200000, 0x00000000c5200000| Untracked 
|  63|0x00000000c5300000, 0x00000000c5300000, 0x00000000c5400000|  0%| F|  |TAMS 0x00000000c5300000, 0x00000000c5300000| Untracked 
|  64|0x00000000c5400000, 0x00000000c5400000, 0x00000000c5500000|  0%| F|  |TAMS 0x00000000c5400000, 0x00000000c5400000| Untracked 
|  65|0x00000000c5500000, 0x00000000c5500000, 0x00000000c5600000|  0%| F|  |TAMS 0x00000000c5500000, 0x00000000c5500000| Untracked 
|  66|0x00000000c5600000, 0x00000000c5600000, 0x00000000c5700000|  0%| F|  |TAMS 0x00000000c5600000, 0x00000000c5600000| Untracked 
|  67|0x00000000c5700000, 0x00000000c5700000, 0x00000000c5800000|  0%| F|  |TAMS 0x00000000c5700000, 0x00000000c5700000| Untracked 
|  68|0x00000000c5800000, 0x00000000c5800000, 0x00000000c5900000|  0%| F|  |TAMS 0x00000000c5800000, 0x00000000c5800000| Untracked 
|  69|0x00000000c5900000, 0x00000000c5900000, 0x00000000c5a00000|  0%| F|  |TAMS 0x00000000c5900000, 0x00000000c5900000| Untracked 
|  70|0x00000000c5a00000, 0x00000000c5a00000, 0x00000000c5b00000|  0%| F|  |TAMS 0x00000000c5a00000, 0x00000000c5a00000| Untracked 
|  71|0x00000000c5b00000, 0x00000000c5b00000, 0x00000000c5c00000|  0%| F|  |TAMS 0x00000000c5b00000, 0x00000000c5b00000| Untracked 
|  72|0x00000000c5c00000, 0x00000000c5c00000, 0x00000000c5d00000|  0%| F|  |TAMS 0x00000000c5c00000, 0x00000000c5c00000| Untracked 
|  73|0x00000000c5d00000, 0x00000000c5d00000, 0x00000000c5e00000|  0%| F|  |TAMS 0x00000000c5d00000, 0x00000000c5d00000| Untracked 
|  74|0x00000000c5e00000, 0x00000000c5e00000, 0x00000000c5f00000|  0%| F|  |TAMS 0x00000000c5e00000, 0x00000000c5e00000| Untracked 
|  75|0x00000000c5f00000, 0x00000000c5f00000, 0x00000000c6000000|  0%| F|  |TAMS 0x00000000c5f00000, 0x00000000c5f00000| Untracked 
|  76|0x00000000c6000000, 0x00000000c6000000, 0x00000000c6100000|  0%| F|  |TAMS 0x00000000c6000000, 0x00000000c6000000| Untracked 
|  77|0x00000000c6100000, 0x00000000c6100000, 0x00000000c6200000|  0%| F|  |TAMS 0x00000000c6100000, 0x00000000c6100000| Untracked 
|  78|0x00000000c6200000, 0x00000000c6200000, 0x00000000c6300000|  0%| F|  |TAMS 0x00000000c6200000, 0x00000000c6200000| Untracked 
|  79|0x00000000c6300000, 0x00000000c6300000, 0x00000000c6400000|  0%| F|  |TAMS 0x00000000c6300000, 0x00000000c6300000| Untracked 
|  80|0x00000000c6400000, 0x00000000c6400000, 0x00000000c6500000|  0%| F|  |TAMS 0x00000000c6400000, 0x00000000c6400000| Untracked 
|  81|0x00000000c6500000, 0x00000000c6500000, 0x00000000c6600000|  0%| F|  |TAMS 0x00000000c6500000, 0x00000000c6500000| Untracked 
|  82|0x00000000c6600000, 0x00000000c6600000, 0x00000000c6700000|  0%| F|  |TAMS 0x00000000c6600000, 0x00000000c6600000| Untracked 
|  83|0x00000000c6700000, 0x00000000c6700000, 0x00000000c6800000|  0%| F|  |TAMS 0x00000000c6700000, 0x00000000c6700000| Untracked 
|  84|0x00000000c6800000, 0x00000000c6800000, 0x00000000c6900000|  0%| F|  |TAMS 0x00000000c6800000, 0x00000000c6800000| Untracked 
|  85|0x00000000c6900000, 0x00000000c6900000, 0x00000000c6a00000|  0%| F|  |TAMS 0x00000000c6900000, 0x00000000c6900000| Untracked 
|  86|0x00000000c6a00000, 0x00000000c6a00000, 0x00000000c6b00000|  0%| F|  |TAMS 0x00000000c6a00000, 0x00000000c6a00000| Untracked 
|  87|0x00000000c6b00000, 0x00000000c6b00000, 0x00000000c6c00000|  0%| F|  |TAMS 0x00000000c6b00000, 0x00000000c6b00000| Untracked 
|  88|0x00000000c6c00000, 0x00000000c6c00000, 0x00000000c6d00000|  0%| F|  |TAMS 0x00000000c6c00000, 0x00000000c6c00000| Untracked 
|  89|0x00000000c6d00000, 0x00000000c6d00000, 0x00000000c6e00000|  0%| F|  |TAMS 0x00000000c6d00000, 0x00000000c6d00000| Untracked 
|  90|0x00000000c6e00000, 0x00000000c6e00000, 0x00000000c6f00000|  0%| F|  |TAMS 0x00000000c6e00000, 0x00000000c6e00000| Untracked 
|  91|0x00000000c6f00000, 0x00000000c6f00000, 0x00000000c7000000|  0%| F|  |TAMS 0x00000000c6f00000, 0x00000000c6f00000| Untracked 
|  92|0x00000000c7000000, 0x00000000c7000000, 0x00000000c7100000|  0%| F|  |TAMS 0x00000000c7000000, 0x00000000c7000000| Untracked 
|  93|0x00000000c7100000, 0x00000000c7100000, 0x00000000c7200000|  0%| F|  |TAMS 0x00000000c7100000, 0x00000000c7100000| Untracked 

Card table byte_map: [0x000001c95c070000,0x000001c95c270000] _byte_map_base: 0x000001c95ba66000

Marking Bits (Prev, Next): (CMBitMap*) 0x000001c9479de310, (CMBitMap*) 0x000001c9479de2d0
 Prev Bits: [0x000001c95d420000, 0x000001c95e3d0000)
 Next Bits: [0x000001c95c470000, 0x000001c95d420000)

Polling page: 0x000001c947a90000

Metaspace:

Usage:
  Non-class:      3.51 MB used.
      Class:    313.87 KB used.
       Both:      3.82 MB used.

Virtual space:
  Non-class space:        8.00 MB reserved,       3.62 MB ( 45%) committed,  1 nodes.
      Class space:        1.00 GB reserved,     384.00 KB ( <1%) committed,  1 nodes.
             Both:        1.01 GB reserved,       4.00 MB ( <1%) committed. 

Chunk freelists:
   Non-Class:  3.99 MB
       Class:  3.62 MB
        Both:  7.61 MB

MaxMetaspaceSize: unlimited
CompressedClassSpaceSize: 1.00 GB
Initial GC threshold: 21.00 MB
Current GC threshold: 21.00 MB
CDS: off
MetaspaceReclaimPolicy: balanced
 - commit_granule_bytes: 65536.
 - commit_granule_words: 8192.
 - virtual_space_node_default_size: 1048576.
 - enlarge_chunks_in_place: 1.
 - new_chunks_are_fully_committed: 0.
 - uncommit_free_chunks: 1.
 - use_allocation_guard: 0.
 - handle_deallocations: 1.


Internal statistics:

num_allocs_failed_limit: 0.
num_arena_births: 4.
num_arena_deaths: 0.
num_vsnodes_births: 2.
num_vsnodes_deaths: 0.
num_space_committed: 64.
num_space_uncommitted: 0.
num_chunks_returned_to_freelist: 0.
num_chunks_taken_from_freelist: 6.
num_chunk_merges: 0.
num_chunk_splits: 2.
num_chunks_enlarged: 1.
num_purges: 0.
num_inconsistent_stats: 0.

CodeHeap 'non-profiled nmethods': size=120000Kb used=63Kb max_used=63Kb free=119936Kb
 bounds [0x000001c954310000, 0x000001c954580000, 0x000001c95b840000]
CodeHeap 'profiled nmethods': size=120000Kb used=229Kb max_used=229Kb free=119771Kb
 bounds [0x000001c94cde0000, 0x000001c94d050000, 0x000001c954310000]
CodeHeap 'non-nmethods': size=5760Kb used=1032Kb max_used=1056Kb free=4727Kb
 bounds [0x000001c94c840000, 0x000001c94cab0000, 0x000001c94cde0000]
 total_blobs=424 nmethods=138 adapters=199
 compilation: enabled
              stopped_count=0, restarted_count=0
 full_count=0

Compilation events (20 events):
Event: 0.308 Thread 0x000001c96185cc40 nmethod 130 0x000001c954319190 code [0x000001c954319320, 0x000001c9543193c8]
Event: 0.308 Thread 0x000001c96185cc40  133       4       java.nio.CharBuffer::position (6 bytes)
Event: 0.309 Thread 0x000001c96185cc40 nmethod 133 0x000001c954319490 code [0x000001c954319600, 0x000001c9543196d8]
Event: 0.309 Thread 0x000001c96185cc40  127       4       java.util.ArrayList::add (25 bytes)
Event: 0.312 Thread 0x000001c96185cc40 nmethod 127 0x000001c954319810 code [0x000001c9543199a0, 0x000001c954319bc8]
Event: 0.312 Thread 0x000001c96185cc40  128       4       java.io.BufferedReader::readLine (7 bytes)
Event: 0.313 Thread 0x000001c96185cc40 nmethod 128 0x000001c954319d10 code [0x000001c954319ea0, 0x000001c954319f48]
Event: 0.313 Thread 0x000001c96185cc40  131       4       java.nio.Buffer::<init> (105 bytes)
Event: 0.316 Thread 0x000001c96185cc40 nmethod 131 0x000001c95431a010 code [0x000001c95431a1a0, 0x000001c95431a4f8]
Event: 0.318 Thread 0x000001c96185cc40  134       4       java.nio.CharBuffer::<init> (24 bytes)
Event: 0.322 Thread 0x000001c96185cc40 nmethod 134 0x000001c95431a790 code [0x000001c95431a920, 0x000001c95431ad18]
Event: 0.323 Thread 0x000001c96185cc40  135       4       java.nio.HeapCharBuffer::<init> (23 bytes)
Event: 0.327 Thread 0x000001c96185cc40 nmethod 135 0x000001c95431b010 code [0x000001c95431b1a0, 0x000001c95431b598]
Event: 0.333 Thread 0x000001c960a0bf30 nmethod 126 0x000001c95431b890 code [0x000001c95431ba80, 0x000001c95431c8b8]
Event: 1.667 Thread 0x000001c960a18300  136 % !   3       com.aa.bigass.FileIn::fileIn @ 25 (200 bytes)
Event: 1.671 Thread 0x000001c960a18300 nmethod 136% 0x000001c94ce0f690 code [0x000001c94ce0fc40, 0x000001c94ce12ad8]
Event: 1.692 Thread 0x000001c960a18300  137   !   3       com.aa.bigass.FileIn::fileIn (200 bytes)
Event: 1.693 Thread 0x000001c960a18300 nmethod 137 0x000001c94ce14610 code [0x000001c94ce14ba0, 0x000001c94ce17938]
Event: 2.479 Thread 0x000001c960a0bf30  138 % !   4       com.aa.bigass.FileIn::fileIn @ 25 (200 bytes)
Event: 2.504 Thread 0x000001c960a0bf30 nmethod 138% 0x000001c95431dd90 code [0x000001c95431e0a0, 0x000001c95431f3d8]

GC Heap History (20 events):
Event: 13.868 GC heap before
{Heap before GC invocations=10 (full 0):
 garbage-first heap   total 87040K, used 81458K [0x00000000c1400000, 0x0000000100000000)
  region size 1024K, 29 young (29696K), 1 survivors (1024K)
 Metaspace       used 3912K, committed 4096K, reserved 1056768K
  class space    used 313K, committed 384K, reserved 1048576K
}
Event: 13.870 GC heap after
{Heap after GC invocations=11 (full 0):
 garbage-first heap   total 87040K, used 52808K [0x00000000c1400000, 0x0000000100000000)
  region size 1024K, 1 young (1024K), 1 survivors (1024K)
 Metaspace       used 3912K, committed 4096K, reserved 1056768K
  class space    used 313K, committed 384K, reserved 1048576K
}
Event: 15.064 GC heap before
{Heap before GC invocations=11 (full 0):
 garbage-first heap   total 87040K, used 76360K [0x00000000c1400000, 0x0000000100000000)
  region size 1024K, 24 young (24576K), 1 survivors (1024K)
 Metaspace       used 3912K, committed 4096K, reserved 1056768K
  class space    used 313K, committed 384K, reserved 1048576K
}
Event: 15.066 GC heap after
{Heap after GC invocations=12 (full 0):
 garbage-first heap   total 87040K, used 52787K [0x00000000c1400000, 0x0000000100000000)
  region size 1024K, 1 young (1024K), 1 survivors (1024K)
 Metaspace       used 3912K, committed 4096K, reserved 1056768K
  class space    used 313K, committed 384K, reserved 1048576K
}
Event: 16.368 GC heap before
{Heap before GC invocations=13 (full 0):
 garbage-first heap   total 87040K, used 48691K [0x00000000c1400000, 0x0000000100000000)
  region size 1024K, 24 young (24576K), 1 survivors (1024K)
 Metaspace       used 3912K, committed 4096K, reserved 1056768K
  class space    used 313K, committed 384K, reserved 1048576K
}
Event: 16.369 GC heap after
{Heap after GC invocations=14 (full 0):
 garbage-first heap   total 87040K, used 25178K [0x00000000c1400000, 0x0000000100000000)
  region size 1024K, 1 young (1024K), 1 survivors (1024K)
 Metaspace       used 3912K, committed 4096K, reserved 1056768K
  class space    used 313K, committed 384K, reserved 1048576K
}
Event: 18.697 GC heap before
{Heap before GC invocations=14 (full 0):
 garbage-first heap   total 87040K, used 61018K [0x00000000c1400000, 0x0000000100000000)
  region size 1024K, 37 young (37888K), 1 survivors (1024K)
 Metaspace       used 3912K, committed 4096K, reserved 1056768K
  class space    used 313K, committed 384K, reserved 1048576K
}
Event: 18.699 GC heap after
{Heap after GC invocations=15 (full 0):
 garbage-first heap   total 87040K, used 25158K [0x00000000c1400000, 0x0000000100000000)
  region size 1024K, 1 young (1024K), 1 survivors (1024K)
 Metaspace       used 3912K, committed 4096K, reserved 1056768K
  class space    used 313K, committed 384K, reserved 1048576K
}
Event: 20.124 GC heap before
{Heap before GC invocations=15 (full 0):
 garbage-first heap   total 87040K, used 84550K [0x00000000c1400000, 0x0000000100000000)
  region size 1024K, 24 young (24576K), 1 survivors (1024K)
 Metaspace       used 3912K, committed 4096K, reserved 1056768K
  class space    used 313K, committed 384K, reserved 1048576K
}
Event: 20.126 GC heap after
{Heap after GC invocations=16 (full 0):
 garbage-first heap   total 87040K, used 62028K [0x00000000c1400000, 0x0000000100000000)
  region size 1024K, 1 young (1024K), 1 survivors (1024K)
 Metaspace       used 3912K, committed 4096K, reserved 1056768K
  class space    used 313K, committed 384K, reserved 1048576K
}
Event: 20.926 GC heap before
{Heap before GC invocations=16 (full 0):
 garbage-first heap   total 87040K, used 76364K [0x00000000c1400000, 0x0000000100000000)
  region size 1024K, 15 young (15360K), 1 survivors (1024K)
 Metaspace       used 3912K, committed 4096K, reserved 1056768K
  class space    used 313K, committed 384K, reserved 1048576K
}
Event: 20.928 GC heap after
{Heap after GC invocations=17 (full 0):
 garbage-first heap   total 87040K, used 62037K [0x00000000c1400000, 0x0000000100000000)
  region size 1024K, 1 young (1024K), 1 survivors (1024K)
 Metaspace       used 3912K, committed 4096K, reserved 1056768K
  class space    used 313K, committed 384K, reserved 1048576K
}
Event: 21.752 GC heap before
{Heap before GC invocations=18 (full 0):
 garbage-first heap   total 87040K, used 51797K [0x00000000c1400000, 0x0000000100000000)
  region size 1024K, 15 young (15360K), 1 survivors (1024K)
 Metaspace       used 3912K, committed 4096K, reserved 1056768K
  class space    used 313K, committed 384K, reserved 1048576K
}
Event: 21.754 GC heap after
{Heap after GC invocations=19 (full 0):
 garbage-first heap   total 87040K, used 37403K [0x00000000c1400000, 0x0000000100000000)
  region size 1024K, 0 young (0K), 0 survivors (0K)
 Metaspace       used 3912K, committed 4096K, reserved 1056768K
  class space    used 313K, committed 384K, reserved 1048576K
}
Event: 24.990 GC heap before
{Heap before GC invocations=19 (full 0):
 garbage-first heap   total 87040K, used 76315K [0x00000000c1400000, 0x0000000100000000)
  region size 1024K, 38 young (38912K), 0 survivors (0K)
 Metaspace       used 3912K, committed 4096K, reserved 1056768K
  class space    used 313K, committed 384K, reserved 1048576K
}
Event: 24.990 GC heap after
{Heap after GC invocations=20 (full 0):
 garbage-first heap   total 87040K, used 37403K [0x00000000c1400000, 0x0000000100000000)
  region size 1024K, 0 young (0K), 0 survivors (0K)
 Metaspace       used 3912K, committed 4096K, reserved 1056768K
  class space    used 313K, committed 384K, reserved 1048576K
}
Event: 28.407 GC heap before
{Heap before GC invocations=20 (full 0):
 garbage-first heap   total 87040K, used 76315K [0x00000000c1400000, 0x0000000100000000)
  region size 1024K, 38 young (38912K), 0 survivors (0K)
 Metaspace       used 3912K, committed 4096K, reserved 1056768K
  class space    used 313K, committed 384K, reserved 1048576K
}
Event: 28.408 GC heap after
{Heap after GC invocations=21 (full 0):
 garbage-first heap   total 87040K, used 37403K [0x00000000c1400000, 0x0000000100000000)
  region size 1024K, 0 young (0K), 0 survivors (0K)
 Metaspace       used 3912K, committed 4096K, reserved 1056768K
  class space    used 313K, committed 384K, reserved 1048576K
}
Event: 32.544 GC heap before
{Heap before GC invocations=21 (full 0):
 garbage-first heap   total 87040K, used 75291K [0x00000000c1400000, 0x0000000100000000)
  region size 1024K, 38 young (38912K), 0 survivors (0K)
 Metaspace       used 3912K, committed 4096K, reserved 1056768K
  class space    used 313K, committed 384K, reserved 1048576K
}
Event: 32.545 GC heap after
{Heap after GC invocations=22 (full 0):
 garbage-first heap   total 87040K, used 37403K [0x00000000c1400000, 0x0000000100000000)
  region size 1024K, 0 young (0K), 0 survivors (0K)
 Metaspace       used 3912K, committed 4096K, reserved 1056768K
  class space    used 313K, committed 384K, reserved 1048576K
}

Deoptimization events (2 events):
Event: 2.678 Thread 0x000001c9479b3840 DEOPT PACKING pc=0x000001c94ce12047 sp=0x0000001fbacff520
Event: 2.678 Thread 0x000001c9479b3840 DEOPT UNPACKING pc=0x000001c94c892b43 sp=0x0000001fbacfead8 mode 0

Classes unloaded (0 events):
No events

Classes redefined (0 events):
No events

Internal exceptions (0 events):
No events

VM Operations (20 events):
Event: 16.368 Executing VM operation: G1CollectForAllocation
Event: 16.369 Executing VM operation: G1CollectForAllocation done
Event: 18.697 Executing VM operation: G1TryInitiateConcMark
Event: 18.699 Executing VM operation: G1TryInitiateConcMark done
Event: 20.124 Executing VM operation: G1CollectForAllocation
Event: 20.126 Executing VM operation: G1CollectForAllocation done
Event: 20.926 Executing VM operation: G1CollectForAllocation
Event: 20.928 Executing VM operation: G1CollectForAllocation done
Event: 20.954 Executing VM operation: G1Concurrent
Event: 20.954 Executing VM operation: G1Concurrent done
Event: 20.954 Executing VM operation: G1Concurrent
Event: 20.954 Executing VM operation: G1Concurrent done
Event: 21.752 Executing VM operation: G1CollectForAllocation
Event: 21.754 Executing VM operation: G1CollectForAllocation done
Event: 24.990 Executing VM operation: G1CollectForAllocation
Event: 24.990 Executing VM operation: G1CollectForAllocation done
Event: 28.407 Executing VM operation: G1CollectForAllocation
Event: 28.408 Executing VM operation: G1CollectForAllocation done
Event: 32.544 Executing VM operation: G1TryInitiateConcMark
Event: 32.545 Executing VM operation: G1TryInitiateConcMark done

Events (20 events):
Event: 0.182 loading class java/io/FileReader
Event: 0.182 loading class java/io/InputStreamReader
Event: 0.183 loading class java/io/InputStreamReader done
Event: 0.183 loading class java/io/FileReader done
Event: 0.183 loading class java/io/BufferedReader
Event: 0.183 loading class java/io/BufferedReader done
Event: 0.183 loading class sun/nio/cs/StreamDecoder
Event: 0.183 loading class sun/nio/cs/StreamDecoder done
Event: 0.183 loading class java/nio/CharBuffer
Event: 0.183 loading class java/nio/CharBuffer done
Event: 0.184 loading class java/nio/HeapCharBuffer
Event: 0.184 loading class java/nio/HeapCharBuffer done
Event: 0.184 loading class java/nio/charset/CoderResult
Event: 0.184 loading class java/nio/charset/CoderResult done
Event: 0.184 loading class java/util/concurrent/ConcurrentHashMap$ForwardingNode
Event: 0.184 loading class java/util/concurrent/ConcurrentHashMap$ForwardingNode done
Event: 0.280 loading class jdk/internal/access/foreign/MemorySegmentProxy
Event: 0.281 loading class jdk/internal/access/foreign/MemorySegmentProxy done
Event: 0.299 Thread 0x000001c96185cc40 Thread added: 0x000001c96185cc40
Event: 1.667 Thread 0x000001c96185cc40 Thread exited: 0x000001c96185cc40


Dynamic libraries:
0x00007ff7d02c0000 - 0x00007ff7d02ce000 	C:\Users\aidan\.p2\pool\plugins\org.eclipse.justj.openjdk.hotspot.jre.full.win32.x86_64_17.0.2.v20220201-1208\jre\bin\javaw.exe
0x00007ff865a20000 - 0x00007ff865c29000 	C:\WINDOWS\SYSTEM32\ntdll.dll
0x00007ff864980000 - 0x00007ff864a3d000 	C:\WINDOWS\System32\KERNEL32.DLL
0x00007ff862fc0000 - 0x00007ff863334000 	C:\WINDOWS\System32\KERNELBASE.dll
0x00007ff863460000 - 0x00007ff863571000 	C:\WINDOWS\System32\ucrtbase.dll
0x00007ff84caf0000 - 0x00007ff84cb08000 	C:\Users\aidan\.p2\pool\plugins\org.eclipse.justj.openjdk.hotspot.jre.full.win32.x86_64_17.0.2.v20220201-1208\jre\bin\jli.dll
0x00007ff8546a0000 - 0x00007ff8546b9000 	C:\Users\aidan\.p2\pool\plugins\org.eclipse.justj.openjdk.hotspot.jre.full.win32.x86_64_17.0.2.v20220201-1208\jre\bin\VCRUNTIME140.dll
0x00007ff864540000 - 0x00007ff8646ec000 	C:\WINDOWS\System32\USER32.dll
0x00007ff862f10000 - 0x00007ff862f36000 	C:\WINDOWS\System32\win32u.dll
0x00007ff8469b0000 - 0x00007ff846c55000 	C:\WINDOWS\WinSxS\amd64_microsoft.windows.common-controls_6595b64144ccf1df_6.0.22000.120_none_9d947278b86cc467\COMCTL32.dll
0x00007ff8651c0000 - 0x00007ff8651e9000 	C:\WINDOWS\System32\GDI32.dll
0x00007ff8651f0000 - 0x00007ff865293000 	C:\WINDOWS\System32\msvcrt.dll
0x00007ff863340000 - 0x00007ff863452000 	C:\WINDOWS\System32\gdi32full.dll
0x00007ff8636f0000 - 0x00007ff86378d000 	C:\WINDOWS\System32\msvcp_win.dll
0x00007ff8646f0000 - 0x00007ff864721000 	C:\WINDOWS\System32\IMM32.DLL
0x00007ff854690000 - 0x00007ff85469c000 	C:\Users\aidan\.p2\pool\plugins\org.eclipse.justj.openjdk.hotspot.jre.full.win32.x86_64_17.0.2.v20220201-1208\jre\bin\vcruntime140_1.dll
0x00007ff8386a0000 - 0x00007ff838731000 	C:\Users\aidan\.p2\pool\plugins\org.eclipse.justj.openjdk.hotspot.jre.full.win32.x86_64_17.0.2.v20220201-1208\jre\bin\msvcp140.dll
0x00007ff802080000 - 0x00007ff802cc7000 	C:\Users\aidan\.p2\pool\plugins\org.eclipse.justj.openjdk.hotspot.jre.full.win32.x86_64_17.0.2.v20220201-1208\jre\bin\server\jvm.dll
0x00007ff863a40000 - 0x00007ff863aee000 	C:\WINDOWS\System32\ADVAPI32.dll
0x00007ff8648d0000 - 0x00007ff86496e000 	C:\WINDOWS\System32\sechost.dll
0x00007ff863af0000 - 0x00007ff863c10000 	C:\WINDOWS\System32\RPCRT4.dll
0x00007ff863c10000 - 0x00007ff863c18000 	C:\WINDOWS\System32\PSAPI.DLL
0x00007ff854670000 - 0x00007ff854679000 	C:\WINDOWS\SYSTEM32\WSOCK32.dll
0x00007ff865300000 - 0x00007ff86536f000 	C:\WINDOWS\System32\WS2_32.dll
0x00007ff84d940000 - 0x00007ff84d94a000 	C:\WINDOWS\SYSTEM32\VERSION.dll
0x00007ff85ab90000 - 0x00007ff85abc3000 	C:\WINDOWS\SYSTEM32\WINMM.dll
0x00007ff862080000 - 0x00007ff862098000 	C:\WINDOWS\SYSTEM32\kernel.appcore.dll
0x00007ff8503b0000 - 0x00007ff8503ba000 	C:\Users\aidan\.p2\pool\plugins\org.eclipse.justj.openjdk.hotspot.jre.full.win32.x86_64_17.0.2.v20220201-1208\jre\bin\jimage.dll
0x00007ff85ecb0000 - 0x00007ff85eed1000 	C:\WINDOWS\SYSTEM32\DBGHELP.DLL
0x00007ff850b00000 - 0x00007ff850b31000 	C:\WINDOWS\SYSTEM32\dbgcore.DLL
0x00007ff862f40000 - 0x00007ff862fbf000 	C:\WINDOWS\System32\bcryptPrimitives.dll
0x00007ff845f70000 - 0x00007ff845f95000 	C:\Users\aidan\.p2\pool\plugins\org.eclipse.justj.openjdk.hotspot.jre.full.win32.x86_64_17.0.2.v20220201-1208\jre\bin\java.dll
0x00007ff84c050000 - 0x00007ff84c068000 	C:\Users\aidan\.p2\pool\plugins\org.eclipse.justj.openjdk.hotspot.jre.full.win32.x86_64_17.0.2.v20220201-1208\jre\bin\zip.dll
0x00007ff863d90000 - 0x00007ff86453e000 	C:\WINDOWS\System32\SHELL32.dll
0x00007ff861080000 - 0x00007ff8618e7000 	C:\WINDOWS\SYSTEM32\windows.storage.dll
0x00007ff865550000 - 0x00007ff8658c8000 	C:\WINDOWS\System32\combase.dll
0x00007ff860f10000 - 0x00007ff861076000 	C:\WINDOWS\SYSTEM32\wintypes.dll
0x00007ff864eb0000 - 0x00007ff864f9a000 	C:\WINDOWS\System32\SHCORE.dll
0x00007ff865160000 - 0x00007ff8651bd000 	C:\WINDOWS\System32\shlwapi.dll
0x00007ff862e40000 - 0x00007ff862e61000 	C:\WINDOWS\SYSTEM32\profapi.dll

dbghelp: loaded successfully - version: 4.0.5 - missing functions: none
symbol engine: initialized successfully - sym options: 0x614 - pdb path: .;C:\Users\aidan\.p2\pool\plugins\org.eclipse.justj.openjdk.hotspot.jre.full.win32.x86_64_17.0.2.v20220201-1208\jre\bin;C:\WINDOWS\SYSTEM32;C:\WINDOWS\WinSxS\amd64_microsoft.windows.common-controls_6595b64144ccf1df_6.0.22000.120_none_9d947278b86cc467;C:\Users\aidan\.p2\pool\plugins\org.eclipse.justj.openjdk.hotspot.jre.full.win32.x86_64_17.0.2.v20220201-1208\jre\bin\server

VM Arguments:
jvm_args: -Dfile.encoding=Cp1252 -XX:+ShowCodeDetailsInExceptionMessages 
java_command: com.aa.bigass.Main
java_class_path (initial): C:\Users\aidan\OneDrive\Documents\GitHub\eclipse-workspace\BigAddressJava\target\classes;C:\Users\aidan\OneDrive\Documents\GitHub\eclipse-workspace\lombok.jar;C:\Users\aidan\.m2\repository\org\apache\commons\commons-lang3\3.11\commons-lang3-3.11.jar
Launcher Type: SUN_STANDARD

[Global flags]
     intx CICompilerCount                          = 3                                         {product} {ergonomic}
     uint ConcGCThreads                            = 1                                         {product} {ergonomic}
     uint G1ConcRefinementThreads                  = 4                                         {product} {ergonomic}
   size_t G1HeapRegionSize                         = 1048576                                   {product} {ergonomic}
    uintx GCDrainStackTargetSize                   = 64                                        {product} {ergonomic}
   size_t InitialHeapSize                          = 67108864                                  {product} {ergonomic}
   size_t MarkStackSize                            = 4194304                                   {product} {ergonomic}
   size_t MaxHeapSize                              = 1052770304                                {product} {ergonomic}
   size_t MaxNewSize                               = 631242752                                 {product} {ergonomic}
   size_t MinHeapDeltaBytes                        = 1048576                                   {product} {ergonomic}
   size_t MinHeapSize                              = 8388608                                   {product} {ergonomic}
    uintx NonNMethodCodeHeapSize                   = 5832780                                {pd product} {ergonomic}
    uintx NonProfiledCodeHeapSize                  = 122912730                              {pd product} {ergonomic}
    uintx ProfiledCodeHeapSize                     = 122912730                              {pd product} {ergonomic}
    uintx ReservedCodeCacheSize                    = 251658240                              {pd product} {ergonomic}
     bool SegmentedCodeCache                       = true                                      {product} {ergonomic}
     bool ShowCodeDetailsInExceptionMessages       = true                                   {manageable} {command line}
   size_t SoftMaxHeapSize                          = 1052770304                             {manageable} {ergonomic}
     bool UseCompressedClassPointers               = true                           {product lp64_product} {ergonomic}
     bool UseCompressedOops                        = true                           {product lp64_product} {ergonomic}
     bool UseG1GC                                  = true                                      {product} {ergonomic}
     bool UseLargePagesIndividualAllocation        = false                                  {pd product} {ergonomic}

Logging:
Log output configuration:
 #0: stdout all=warning uptime,level,tags
 #1: stderr all=off uptime,level,tags

Environment Variables:
JAVA_HOME=C:\Program Files\Java\jdk-14.0.2
PATH=C:/Users/aidan/.p2/pool/plugins/org.eclipse.justj.openjdk.hotspot.jre.full.win32.x86_64_17.0.2.v20220201-1208/jre/bin/server;C:/Users/aidan/.p2/pool/plugins/org.eclipse.justj.openjdk.hotspot.jre.full.win32.x86_64_17.0.2.v20220201-1208/jre/bin;C:\Python310\Scripts\;C:\Python310\;C:\WINDOWS\system32;C:\WINDOWS;C:\WINDOWS\System32\Wbem;C:\WINDOWS\System32\WindowsPowerShell\v1.0\;C:\WINDOWS\System32\OpenSSH\;C:\Program Files\PowerShell\7\;D:\Program Files\nodejs\;C:\ProgramData\chocolatey\bin;C:\Program Files\Git\cmd;D:\Users\aidan\AppData\Local\Programs\Microsoft VS Code;C:\Program Files\MySQL\MySQL Server 8.0\bin;C:\Users\aidan\eclipse\java-2021-12\eclipse;C:\Program Files\Java\jdk-14.0.2\;C:\Program Files\Java\jdk-14.0.2\bin\;C:\Program Files\Java\jdk-14.0.2\bin;C:\Users\aidan\AppData\Local\Microsoft\WindowsApps;C:\Users\aidan\AppData\Roaming\npm;D:\Users\aidan\AppData\Local\Programs\Microsoft VS Code\bin;D:\Users\aidan\AppData\Local\Programs\Microsoft VS Code;C:\Program Files\JetBrains\PyCharm Community Edition 2021.3\bin;;C:\Python310;C:\Python310\;C:\Python310\scripts\;C:\Users\aidan\AppData\Local\GitHubDesktop\bin;C:\Users\aidan\AppData\Local\Programs\Microsoft VS Code\bin;C:\Users\aidan\eclipse\java-2021-12\eclipse;C:\Program Files\Java\jdk-14.0.2\;;C:\Users\aidan\OneDrive\Desktop;
USERNAME=aidan
OS=Windows_NT
PROCESSOR_IDENTIFIER=Intel64 Family 6 Model 142 Stepping 9, GenuineIntel



---------------  S Y S T E M  ---------------

OS:
 Windows 11 , 64 bit Build 22000 (10.0.22000.434)
OS uptime: 4 days 4:54 hours

CPU: total 4 (initial active 4) (2 cores per cpu, 2 threads per core) family 6 model 142 stepping 9 microcode 0xe8, cx8, cmov, fxsr, ht, mmx, 3dnowpref, sse, sse2, sse3, ssse3, sse4.1, sse4.2, popcnt, lzcnt, tsc, tscinvbit, avx, avx2, aes, erms, clmul, bmi1, bmi2, rtm, adx, fma, vzeroupper, clflush, clflushopt

Memory: 4k page, system-wide physical 4013M (319M free)
TotalPageFile size 16301M (AvailPageFile size 5M)
current process WorkingSet (physical memory assigned to process): 116M, peak: 116M
current process commit charge ("private bytes"): 158M, peak: 159M

vm_info: OpenJDK 64-Bit Server VM (17.0.2+8) for windows-amd64 JRE (17.0.2+8), built on Jan 20 2022 04:52:34 by "" with MS VC++ 16.7 (VS2019)

END.
